  Game.cpp
c:\users\ethan\desktop\pacman-elsaman-\project 2 - template\joint project 2\particles.h(38): warning C4244: '=': conversion from 'double' to 'T', possible loss of data
          with
          [
              T=float
          ]
c:\users\ethan\desktop\pacman-elsaman-\project 2 - template\joint project 2\particles.h(39): warning C4244: '=': conversion from 'double' to 'T', possible loss of data
          with
          [
              T=float
          ]
c:\users\ethan\desktop\pacman-elsaman-\project 2 - template\joint project 2\particles.h(96): warning C4244: '=': conversion from 'double' to 'T', possible loss of data
          with
          [
              T=float
          ]
c:\users\ethan\desktop\pacman-elsaman-\project 2 - template\joint project 2\particles.h(97): warning C4244: '=': conversion from 'double' to 'T', possible loss of data
          with
          [
              T=float
          ]
c:\users\ethan\desktop\pacman-elsaman-\project 2 - template\joint project 2\game.cpp(79): warning C4305: 'argument': truncation from 'double' to 'float'
c:\users\ethan\desktop\pacman-elsaman-\project 2 - template\joint project 2\game.cpp(119): warning C4244: 'argument': conversion from 'time_t' to 'unsigned int', possible loss of data
  Joint Project 2.vcxproj -> C:\Users\ethan\Desktop\Pacman-Elsaman-\Project 2 - Template\Debug\Joint Project 2.exe
